cloug1cm --> 56919498 --> True
stewa5sa --> 228703572 --> True
kniel1mm --> 290473713 --> True
--------------------------------------------------------------------------------
Parent Directory: AUX-079aaf
--------------------------------------------------------------------------------
--------------------------------------------------------------------------------
Parent Directory: aux-vm-9f7f9f
--------------------------------------------------------------------------------
hall1ga --> 221240484 --> True
gross1cn --> 49371408 --> True
--------------------------------------------------------------------------------
Parent Directory: AUX-1cfafc
--------------------------------------------------------------------------------
--------------------------------------------------------------------------------
Parent Directory: AUX-b8f49e
--------------------------------------------------------------------------------
julia1j --> 54213294 --> True
johns1sl --> 14803817850 --> True
--------------------------------------------------------------------------------
Parent Directory: AUX-2bbbce
--------------------------------------------------------------------------------
ciesl1e --> 216070423 --> True
brocc1df --> 207132922 --> True
scott2mr --> 233262353 --> True
withe1mm --> 206298321 --> True
johns15c --> 208311332 --> True
finch1jd --> 219688915 --> True
nassi1nj --> 209329853 --> True
hilly1rd --> 51129749 --> True
shult1eh --> 207166899 --> True
willi2ts --> 214487044 --> True
ross3mj --> 428243282 --> True
schic1vc --> 56720493 --> True
vande3lm --> 54076123 --> True
alber1sr --> 338308892 --> True
armen1dg --> 49568095 --> True
cole2ae --> 215722630 --> True
sell2ej --> 207541129 --> True
phill1rd --> 208252126 --> True
voisi1kj --> 208753144 --> True
--------------------------------------------------------------------------------
Parent Directory: AUX-32529d
--------------------------------------------------------------------------------
cleme1mp --> 206461687 --> True
hiles1jj --> 256850250 --> True
bryan3a --> 43960210 --> True
josli1ne --> 2583323813 --> True
wiede1t --> 209185854 --> True
sturd1al --> 204585988 --> True
chapm1t --> 4602202596 --> True
--------------------------------------------------------------------------------
Parent Directory: AUX-33f58f
--------------------------------------------------------------------------------
hubba1jl --> 207162580 --> True
--------------------------------------------------------------------------------
Parent Directory: AUX-2ba0ac
--------------------------------------------------------------------------------
emmon1md --> 53600712 --> True
johns1dw --> 48305919 --> True
--------------------------------------------------------------------------------
Parent Directory: AUX-9f7c5c
--------------------------------------------------------------------------------
julia1j --> 52683366 --> True
holtg1ks --> 53564143 --> True
lyden1dm --> 55126505 --> True
rieve1tj --> 50597126 --> True
--------------------------------------------------------------------------------
Parent Directory: AUX-2ea1dc
--------------------------------------------------------------------------------
budny1jj --> 208755204 --> True
bridg1ka --> 229390271 --> True
--------------------------------------------------------------------------------
Parent Directory: AUX-b849cc
--------------------------------------------------------------------------------
mason3tm --> 277773327 --> True
campb2an --> 216878831 --> True
willi2ts --> 210993243 --> True
asher1dd --> 194370241 --> True
lomax1hs --> 318066861 --> True
stept1ar --> 229331934 --> True
--------------------------------------------------------------------------------
Parent Directory: AUX-33802f
--------------------------------------------------------------------------------
--------------------------------------------------------------------------------
Parent Directory: AUX-2c07fd
--------------------------------------------------------------------------------
croce1kl --> 263661026 --> True
alvar1ts --> 211164356 --> True
rosit1st --> 208750551 --> True
carso1ol --> 213601535 --> True
ryan1bp --> 219643175 --> True
griff1ta --> 914549387 --> True
pocsi1se --> 228207778 --> True
hilli2ke --> 215881454 --> True
traha1js --> 213952228 --> True
finch1jd --> 218849495 --> True
paine1sn --> 215917603 --> True
nassi1nj --> 217226707 --> True
hilly1rd --> 209630315 --> True
shult1eh --> 209034780 --> True
brads1ba --> 214905947 --> True
chops1ma --> 217386137 --> True
wonde1dj --> 202918355 --> True
sell2ej --> 219258480 --> True
becht1jc --> 19620303311 --> True
harpe2am --> 212257597 --> True
orszu1bn --> 217218368 --> True
saigh1jm --> 204359096 --> True
pegg1es --> 237970778 --> True
knigh2sm --> 237807056 --> True
ramir1z --> 221493176 --> True
voisi1kj --> 55196079 --> True
satte1cl --> 225130543 --> True
--------------------------------------------------------------------------------
Parent Directory: AUX-33a5dd
--------------------------------------------------------------------------------
kwapi1kl --> 206395997 --> True
carne2kl --> 202090771 --> True
busse1ma --> 201613084 --> True
obers1ke --> 201582618 --> True
bache1bl --> 2277902033 --> True
lowe1mk --> 48877002 --> True
chen5c --> 209360480 --> True
wormm1cr --> 207347150 --> True
stove1rm --> 49349582 --> True
carpe1an --> 202676174 --> True
pasto1ak --> 202676275 --> True
--------------------------------------------------------------------------------
Parent Directory: AUX-4fc16c
--------------------------------------------------------------------------------
--------------------------------------------------------------------------------
Parent Directory: AUX-2e4e1c
--------------------------------------------------------------------------------
smith3ck --> 201291363 --> True
topol1ad --> 40278847 --> True
wolf1ee --> 50695916 --> True
fulle1jr --> 314079117 --> True
--------------------------------------------------------------------------------
Parent Directory: AUX-9f841e
--------------------------------------------------------------------------------
heinl1jd --> 558162945 --> True
messi1dn --> 211095102 --> True
--------------------------------------------------------------------------------
Parent Directory: AUX-325f6d
--------------------------------------------------------------------------------
pears1vj --> 48915035 --> True
colom1dr --> 207334195 --> True
tyink2ma --> 201232893 --> True
colli5am --> 57592560 --> True
hanse1hm --> 9570203342 --> True
pulve1ms --> 228645769 --> True
dasil1lr --> 67271908 --> True
tolit1hm --> 222002594 --> True
crawf1b --> 9241993368 --> True
goodr1se --> 57362151 --> True
--------------------------------------------------------------------------------
Parent Directory: AUX-2e4dcd
--------------------------------------------------------------------------------
emmon1md --> 43644865 --> True
cook2sj --> 1940433484 --> True
--------------------------------------------------------------------------------
Parent Directory: AUX-339a8f
--------------------------------------------------------------------------------
thomp1ts --> 202778484 --> True
varne2ms --> 261164955 --> True
robin1jf --> 214846465 --> True
fishe1pr --> 48982074 --> True
carso2ns --> 214823931 --> True
jacks1sw --> 207864684 --> True
dunba1hm --> 215957914 --> True
mccul1st --> 49415375 --> True
--------------------------------------------------------------------------------
Parent Directory: AUX-2db68c
--------------------------------------------------------------------------------
janz1br --> 318085724 --> True
sieci1ej --> 233122812 --> True
mille2lj --> 48923385 --> True
wilso4cm --> 50387140 --> True
parke1wr --> 8774535431 --> True
gorby1jm --> 258067839 --> True
cundy1ea --> 258520545 --> True
doto1ad --> 322861302 --> True
newho1lb --> 221838819 --> True
robin5bm --> 211436028 --> True
gehrc1tj --> 212981273 --> True
adams1ab --> 233884656 --> True
janse1bj --> 212743799 --> True
finch1jd --> 497359771 --> True
wuerf1jt --> 1487156692 --> True
lenno1jp --> 49628739 --> True
watte1am --> 318715921 --> True
mcnei1se --> 310494851 --> True
halve1bj --> 218361265 --> True
lechn1am --> 212301934 --> True
tromb1lm --> 1276175396 --> True
sell2ej --> 454788084 --> True
white1jv --> 360608622 --> True
revol1rm --> 241885427 --> True
essen1pm --> 203405761 --> True
pegg1es --> 214523945 --> True
wrigh3mm --> 234946835 --> True
ramir1z --> 220452935 --> True
voisi1kj --> 213519070 --> True
satte1cl --> 195221152 --> True
damia1wp --> 370796177 --> True
fiori1sl --> 285598036 --> True
--------------------------------------------------------------------------------
Parent Directory: AUX-33e11c
--------------------------------------------------------------------------------
dlesk1am --> 50424007 --> True
bliss1bl --> 200064399 --> True
metiv1lc --> 204340693 --> True
harri5al --> 200526585 --> True
smith3ck --> 202522727 --> True
rivet1jm --> 199108420 --> True
wolf1ee --> 365514096 --> True
tobic1sr --> 208179426 --> True
hemps1sj --> 291829539 --> True
--------------------------------------------------------------------------------
Parent Directory: AUX-2f269d
--------------------------------------------------------------------------------
zalog1ln --> 750981246 --> True
digio1aa --> 266336923 --> True
white3kc --> 262736033 --> True
mazor1ef --> 203052641 --> True
milli2ja --> 218141210 --> True
drum1j --> 208440604 --> True
smith1jl --> 202968550 --> True
davis7cm --> 202277395 --> True
alder1ad --> 48359995 --> True
brown15k --> 205435729 --> True
grays1md --> 78096402 --> True
geyer1rm --> 223260613 --> True
derks1cj --> 211540847 --> True
phill2sl --> 209070352 --> True
schei1dm --> 266436607 --> True
turne1dm --> 48369221 --> True
rossm1dl --> 194907268 --> True
griff1kb --> 208773797 --> True
varco1em --> 204226211 --> True
bakal1a --> 235891803 --> True
cantr1mv --> 205279574 --> True
griff1kw --> 194179913 --> True
dewit1kl --> 221723509 --> True
snyde1ac --> 210944358 --> True
bunce1aj --> 230166529 --> True
belt1jc --> 245500167 --> True
proul1cj --> 227626230 --> True
moerm1jm --> 5003809178 --> True
uribe1tm --> 220971886 --> True
damia1wp --> 223615357 --> True
melni1pe --> 350324459 --> True
carda1sm --> 56523289 --> True
--------------------------------------------------------------------------------
Parent Directory: AUX-2e769d
--------------------------------------------------------------------------------
--------------------------------------------------------------------------------
Parent Directory: AUX-33ecee
--------------------------------------------------------------------------------
bentl1cr --> 226708923 --> True
ortma1la --> 222429073 --> True
marqu1bm --> 205298697 --> True
adams6sm --> 206140681 --> True
houfe1gw --> 209218363 --> True
rieve1tj --> 48396869 --> True
--------------------------------------------------------------------------------
Parent Directory: AUX-2dbcac
--------------------------------------------------------------------------------
broom1sj --> 403216288 --> True
grace1kj --> 291941548 --> True
clare1jn --> 202438623 --> True
davis1qk --> 224285158 --> True
johns1lv --> 194582206 --> True
friso1b --> 248318336 --> True
schie1km --> 244335809 --> True
sangs1dm --> 210436585 --> True
barto2ml --> 243514090 --> True
teney1kj --> 217895224 --> True
goffn1c --> 48970949 --> True
gimes1ge --> 203028089 --> True
willi3ga --> 459797201 --> True